<?xml version="1.0" encoding="UTF-8"?>
<!-- Generated by org.testng.reporters.JUnitXMLReporter -->
<testsuite ignored="0" hostname="lin33001588" failures="1" tests="2" name="Test" time="46.351" errors="0" timestamp="2022-10-17T19:53:14 IST">
  <testcase classname="Com.OrangeHRM.TestCases.LoginpageTest" name="OrangeHRMPageTitle" time="10.676"/>
  <testcase classname="Com.OrangeHRM.TestCases.LoginpageTest" name="OrangeUername" time="11.948">
    <failure type="java.lang.AssertionError">
      <![CDATA[java.lang.AssertionError: 
at Com.OrangeHRM.TestCases.LoginpageTest.OrangeUername(LoginpageTest.java:41)
at java.base/java.util.ArrayList.forEach(ArrayList.java:1511)
... Removed 28 stack frames]]>
    </failure>
  </testcase> <!-- OrangeUername -->
</testsuite> <!-- Test -->
