<?xml version="1.0" encoding="UTF-8"?>
<testng-results ignored="0" total="2" passed="1" failed="1" skipped="0">
  <reporter-output>
  </reporter-output>
  <suite started-at="2022-10-17T19:52:28 IST" name="Suite" finished-at="2022-10-17T19:53:14 IST" duration-ms="46351">
    <groups>
    </groups>
    <test started-at="2022-10-17T19:52:28 IST" name="Test" finished-at="2022-10-17T19:53:14 IST" duration-ms="46351">
      <class name="Com.OrangeHRM.TestCases.LoginpageTest">
        <test-method is-config="true" signature="Setup()[pri:0, instance:Com.OrangeHRM.TestCases.LoginpageTest@51acdf2e]" started-at="2022-10-17T19:52:28 IST" name="Setup" finished-at="2022-10-17T19:52:41 IST" duration-ms="13365" status="PASS">
          <reporter-output>
          </reporter-output>
        </test-method> <!-- Setup -->
        <test-method signature="OrangeHRMPageTitle()[pri:0, instance:Com.OrangeHRM.TestCases.LoginpageTest@51acdf2e]" started-at="2022-10-17T19:52:41 IST" name="OrangeHRMPageTitle" finished-at="2022-10-17T19:52:52 IST" duration-ms="10676" status="PASS">
          <reporter-output>
          </reporter-output>
        </test-method> <!-- OrangeHRMPageTitle -->
        <test-method is-config="true" signature="Teardown()[pri:0, instance:Com.OrangeHRM.TestCases.LoginpageTest@51acdf2e]" started-at="2022-10-17T19:52:52 IST" name="Teardown" finished-at="2022-10-17T19:52:52 IST" duration-ms="380" status="PASS">
          <reporter-output>
          </reporter-output>
        </test-method> <!-- Teardown -->
        <test-method is-config="true" signature="Setup()[pri:0, instance:Com.OrangeHRM.TestCases.LoginpageTest@51acdf2e]" started-at="2022-10-17T19:52:52 IST" name="Setup" finished-at="2022-10-17T19:53:01 IST" duration-ms="9274" status="PASS">
          <reporter-output>
          </reporter-output>
        </test-method> <!-- Setup -->
        <test-method signature="OrangeUername()[pri:0, instance:Com.OrangeHRM.TestCases.LoginpageTest@51acdf2e]" started-at="2022-10-17T19:53:01 IST" name="OrangeUername" finished-at="2022-10-17T19:53:13 IST" duration-ms="11948" status="FAIL">
          <exception class="java.lang.AssertionError">
            <full-stacktrace>
              <![CDATA[java.lang.AssertionError: 
at org.testng.AssertJUnit.fail(AssertJUnit.java:65)
at org.testng.AssertJUnit.assertTrue(AssertJUnit.java:23)
at org.testng.AssertJUnit.assertTrue(AssertJUnit.java:33)
at Com.OrangeHRM.TestCases.LoginpageTest.OrangeUername(LoginpageTest.java:41)
at java.base/jdk.internal.reflect.DirectMethodHandleAccessor.invoke(DirectMethodHandleAccessor.java:104)
at java.base/java.lang.reflect.Method.invoke(Method.java:577)
at org.testng.internal.MethodInvocationHelper.invokeMethod(MethodInvocationHelper.java:133)
at org.testng.internal.TestInvoker.invokeMethod(TestInvoker.java:598)
at org.testng.internal.TestInvoker.invokeTestMethod(TestInvoker.java:173)
at org.testng.internal.MethodRunner.runInSequence(MethodRunner.java:46)
at org.testng.internal.TestInvoker$MethodInvocationAgent.invoke(TestInvoker.java:824)
at org.testng.internal.TestInvoker.invokeTestMethods(TestInvoker.java:146)
at org.testng.internal.TestMethodWorker.invokeTestMethods(TestMethodWorker.java:146)
at org.testng.internal.TestMethodWorker.run(TestMethodWorker.java:128)
at java.base/java.util.ArrayList.forEach(ArrayList.java:1511)
at org.testng.TestRunner.privateRun(TestRunner.java:794)
at org.testng.TestRunner.run(TestRunner.java:596)
at org.testng.SuiteRunner.runTest(SuiteRunner.java:377)
at org.testng.SuiteRunner.runSequentially(SuiteRunner.java:371)
at org.testng.SuiteRunner.privateRun(SuiteRunner.java:332)
at org.testng.SuiteRunner.run(SuiteRunner.java:276)
at org.testng.SuiteRunnerWorker.runSuite(SuiteRunnerWorker.java:53)
at org.testng.SuiteRunnerWorker.run(SuiteRunnerWorker.java:96)
at org.testng.TestNG.runSuitesSequentially(TestNG.java:1212)
at org.testng.TestNG.runSuitesLocally(TestNG.java:1134)
at org.testng.TestNG.runSuites(TestNG.java:1063)
at org.testng.TestNG.run(TestNG.java:1031)
at org.testng.remote.AbstractRemoteTestNG.run(AbstractRemoteTestNG.java:115)
at org.testng.remote.RemoteTestNG.initAndRun(RemoteTestNG.java:251)
at org.testng.remote.RemoteTestNG.main(RemoteTestNG.java:77)
]]>
            </full-stacktrace>
          </exception> <!-- java.lang.AssertionError -->
          <reporter-output>
          </reporter-output>
        </test-method> <!-- OrangeUername -->
        <test-method is-config="true" signature="Teardown()[pri:0, instance:Com.OrangeHRM.TestCases.LoginpageTest@51acdf2e]" started-at="2022-10-17T19:53:14 IST" name="Teardown" finished-at="2022-10-17T19:53:14 IST" duration-ms="374" status="PASS">
          <reporter-output>
          </reporter-output>
        </test-method> <!-- Teardown -->
      </class> <!-- Com.OrangeHRM.TestCases.LoginpageTest -->
    </test> <!-- Test -->
  </suite> <!-- Suite -->
</testng-results>
